<?xml version="1.0" encoding="UTF-8"?>
<beans xmlns="http://www.springframework.org/schema/beans"
       xmlns:xsi="http://www.w3.org/2001/XMLSchema-instance"
       xsi:schemaLocation="http://www.springframework.org/schema/beans
    http://www.springframework.org/schema/beans/spring-beans.xsd">

    <bean id="employeeServiceTestImpl" class="com.example.ecommerce_backend.Service.Impl.CustomerServiceImpl" >
        <constructor-arg index="0" ref=""/>
        <constructor-arg index="1" ref=""/>
        <constructor-arg index="2" ref=""/>
    </bean>
</beans>